{"/Users/buchana0/Desktop/Practice/coverage/lib/message.js":{"path":"/Users/buchana0/Desktop/Practice/coverage/lib/message.js","s":{"1":1,"2":3,"3":3,"4":1,"5":3,"6":2,"7":1,"8":1,"9":3,"10":1,"11":2,"12":1,"13":4,"14":3,"15":1},"b":{"1":[2,1],"2":[3,3],"3":[1,2],"4":[3,1]},"f":{"1":3,"2":3,"3":3,"4":4},"fnMap":{"1":{"name":"createCustomMessage","line":1,"loc":{"start":{"line":1,"column":0},"end":{"line":1,"column":58}}},"2":{"name":"fName","line":5,"loc":{"start":{"line":5,"column":1},"end":{"line":5,"column":18}}},"3":{"name":"lName","line":13,"loc":{"start":{"line":13,"column":1},"end":{"line":13,"column":18}}},"4":{"name":"isString","line":21,"loc":{"start":{"line":21,"column":1},"end":{"line":21,"column":21}}}},"statementMap":{"1":{"start":{"line":1,"column":0},"end":{"line":26,"column":1}},"2":{"start":{"line":2,"column":1},"end":{"line":2,"column":32}},"3":{"start":{"line":3,"column":1},"end":{"line":3,"column":31}},"4":{"start":{"line":5,"column":1},"end":{"line":11,"column":2}},"5":{"start":{"line":6,"column":2},"end":{"line":10,"column":3}},"6":{"start":{"line":7,"column":3},"end":{"line":7,"column":12}},"7":{"start":{"line":9,"column":3},"end":{"line":9,"column":13}},"8":{"start":{"line":13,"column":1},"end":{"line":19,"column":2}},"9":{"start":{"line":14,"column":2},"end":{"line":18,"column":3}},"10":{"start":{"line":15,"column":3},"end":{"line":15,"column":16}},"11":{"start":{"line":17,"column":3},"end":{"line":17,"column":13}},"12":{"start":{"line":21,"column":1},"end":{"line":23,"column":2}},"13":{"start":{"line":22,"column":2},"end":{"line":22,"column":31}},"14":{"start":{"line":25,"column":1},"end":{"line":25,"column":45}},"15":{"start":{"line":28,"column":0},"end":{"line":28,"column":39}}},"branchMap":{"1":{"line":6,"type":"if","locations":[{"start":{"line":6,"column":2},"end":{"line":6,"column":2}},{"start":{"line":6,"column":2},"end":{"line":6,"column":2}}]},"2":{"line":6,"type":"binary-expr","locations":[{"start":{"line":6,"column":5},"end":{"line":6,"column":6}},{"start":{"line":6,"column":10},"end":{"line":6,"column":21}}]},"3":{"line":14,"type":"if","locations":[{"start":{"line":14,"column":2},"end":{"line":14,"column":2}},{"start":{"line":14,"column":2},"end":{"line":14,"column":2}}]},"4":{"line":14,"type":"binary-expr","locations":[{"start":{"line":14,"column":5},"end":{"line":14,"column":6}},{"start":{"line":14,"column":10},"end":{"line":14,"column":21}}]}}},"/Users/buchana0/Desktop/Practice/coverage/lib/prime.js":{"path":"/Users/buchana0/Desktop/Practice/coverage/lib/prime.js","s":{"1":1,"2":3,"3":3,"4":1,"5":2,"6":1,"7":2,"8":2,"9":1,"10":2,"11":1,"12":3,"13":2,"14":1},"b":{"1":[1,2]},"f":{"1":3,"2":2,"3":2,"4":3},"fnMap":{"1":{"name":"calculatePrimeNumbers","line":1,"loc":{"start":{"line":1,"column":0},"end":{"line":1,"column":38}}},"2":{"name":"calPrimes","line":8,"loc":{"start":{"line":8,"column":1},"end":{"line":8,"column":22}}},"3":{"name":"getPrime","line":13,"loc":{"start":{"line":13,"column":1},"end":{"line":13,"column":25}}},"4":{"name":"hasPrimes","line":17,"loc":{"start":{"line":17,"column":1},"end":{"line":17,"column":24}}}},"statementMap":{"1":{"start":{"line":1,"column":0},"end":{"line":22,"column":1}},"2":{"start":{"line":2,"column":1},"end":{"line":2,"column":17}},"3":{"start":{"line":3,"column":1},"end":{"line":4,"column":11}},"4":{"start":{"line":4,"column":2},"end":{"line":4,"column":11}},"5":{"start":{"line":6,"column":1},"end":{"line":6,"column":19}},"6":{"start":{"line":8,"column":1},"end":{"line":11,"column":2}},"7":{"start":{"line":9,"column":2},"end":{"line":9,"column":29}},"8":{"start":{"line":10,"column":2},"end":{"line":10,"column":24}},"9":{"start":{"line":13,"column":1},"end":{"line":15,"column":2}},"10":{"start":{"line":14,"column":2},"end":{"line":14,"column":19}},"11":{"start":{"line":17,"column":1},"end":{"line":19,"column":2}},"12":{"start":{"line":18,"column":2},"end":{"line":18,"column":34}},"13":{"start":{"line":21,"column":1},"end":{"line":21,"column":15}},"14":{"start":{"line":24,"column":0},"end":{"line":24,"column":40}}},"branchMap":{"1":{"line":3,"type":"if","locations":[{"start":{"line":3,"column":1},"end":{"line":3,"column":1}},{"start":{"line":3,"column":1},"end":{"line":3,"column":1}}]}}},"/Users/buchana0/Desktop/Practice/coverage/lib/pair.js":{"path":"/Users/buchana0/Desktop/Practice/coverage/lib/pair.js","s":{"1":1,"2":1,"3":5,"4":5,"5":5,"6":5,"7":0,"8":0,"9":5,"10":25,"11":25,"12":5,"13":25,"14":5,"15":4,"16":5,"17":5,"18":1},"b":{},"f":{"1":5},"fnMap":{"1":{"name":"findPairForSum","line":35,"loc":{"start":{"line":35,"column":0},"end":{"line":35,"column":34}}}},"statementMap":{"1":{"start":{"line":1,"column":0},"end":{"line":1,"column":27}},"2":{"start":{"line":35,"column":0},"end":{"line":45,"column":1}},"3":{"start":{"line":36,"column":1},"end":{"line":36,"column":26}},"4":{"start":{"line":37,"column":1},"end":{"line":37,"column":30}},"5":{"start":{"line":38,"column":1},"end":{"line":38,"column":45}},"6":{"start":{"line":39,"column":1},"end":{"line":39,"column":129}},"7":{"start":{"line":39,"column":29},"end":{"line":39,"column":115}},"8":{"start":{"line":39,"column":115},"end":{"line":39,"column":127}},"9":{"start":{"line":40,"column":1},"end":{"line":40,"column":96}},"10":{"start":{"line":40,"column":31},"end":{"line":40,"column":82}},"11":{"start":{"line":40,"column":83},"end":{"line":40,"column":94}},"12":{"start":{"line":41,"column":1},"end":{"line":41,"column":125}},"13":{"start":{"line":41,"column":28},"end":{"line":41,"column":124}},"14":{"start":{"line":42,"column":1},"end":{"line":42,"column":59}},"15":{"start":{"line":42,"column":26},"end":{"line":42,"column":57}},"16":{"start":{"line":43,"column":1},"end":{"line":43,"column":48}},"17":{"start":{"line":44,"column":1},"end":{"line":44,"column":16}},"18":{"start":{"line":47,"column":0},"end":{"line":47,"column":33}}},"branchMap":{}},"/Users/buchana0/Desktop/Practice/coverage/lib/currying.js":{"path":"/Users/buchana0/Desktop/Practice/coverage/lib/currying.js","s":{"1":1,"2":1,"3":1,"4":1},"b":{},"f":{"1":1},"fnMap":{"1":{"name":"createHelloMessage","line":1,"loc":{"start":{"line":1,"column":0},"end":{"line":1,"column":37}}}},"statementMap":{"1":{"start":{"line":1,"column":0},"end":{"line":5,"column":1}},"2":{"start":{"line":2,"column":1},"end":{"line":4,"column":3}},"3":{"start":{"line":3,"column":3},"end":{"line":3,"column":31}},"4":{"start":{"line":7,"column":0},"end":{"line":7,"column":39}}},"branchMap":{}},"/Users/buchana0/Desktop/Practice/coverage/lib/ramda.js":{"path":"/Users/buchana0/Desktop/Practice/coverage/lib/ramda.js","s":{"1":1,"2":1,"3":2,"4":1,"5":1,"6":1,"7":1,"8":21,"9":1,"10":1},"b":{},"f":{"1":2,"2":1},"fnMap":{"1":{"name":"stringEqualsAnthony","line":3,"loc":{"start":{"line":3,"column":0},"end":{"line":3,"column":35}}},"2":{"name":"sumOddsFrom11","line":7,"loc":{"start":{"line":7,"column":0},"end":{"line":7,"column":27}}}},"statementMap":{"1":{"start":{"line":1,"column":0},"end":{"line":1,"column":27}},"2":{"start":{"line":3,"column":0},"end":{"line":5,"column":1}},"3":{"start":{"line":4,"column":2},"end":{"line":4,"column":83}},"4":{"start":{"line":4,"column":43},"end":{"line":4,"column":54}},"5":{"start":{"line":4,"column":61},"end":{"line":4,"column":73}},"6":{"start":{"line":7,"column":0},"end":{"line":10,"column":1}},"7":{"start":{"line":8,"column":2},"end":{"line":8,"column":33}},"8":{"start":{"line":8,"column":21},"end":{"line":8,"column":32}},"9":{"start":{"line":9,"column":2},"end":{"line":9,"column":68}},"10":{"start":{"line":12,"column":0},"end":{"line":12,"column":53}}},"branchMap":{}}}