TN:
SF:/Users/buchana0/Desktop/Practice/coverage/lib/message.js
FN:1,createCustomMessage
FN:5,fName
FN:13,lName
FN:21,isString
FNF:4
FNH:4
FNDA:3,createCustomMessage
FNDA:3,fName
FNDA:3,lName
FNDA:4,isString
DA:1,1
DA:2,3
DA:3,3
DA:5,1
DA:6,3
DA:7,2
DA:9,1
DA:13,1
DA:14,3
DA:15,1
DA:17,2
DA:21,1
DA:22,4
DA:25,3
DA:28,1
LF:15
LH:15
BRDA:6,1,0,2
BRDA:6,1,1,1
BRDA:6,2,0,3
BRDA:6,2,1,3
BRDA:14,3,0,1
BRDA:14,3,1,2
BRDA:14,4,0,3
BRDA:14,4,1,1
BRF:8
BRH:8
end_of_record
TN:
SF:/Users/buchana0/Desktop/Practice/coverage/lib/prime.js
FN:1,calculatePrimeNumbers
FN:8,calPrimes
FN:13,getPrime
FN:17,hasPrimes
FNF:4
FNH:4
FNDA:3,calculatePrimeNumbers
FNDA:2,calPrimes
FNDA:2,getPrime
FNDA:3,hasPrimes
DA:1,1
DA:2,3
DA:3,3
DA:4,1
DA:6,2
DA:8,1
DA:9,2
DA:10,2
DA:13,1
DA:14,2
DA:17,1
DA:18,3
DA:21,2
DA:24,1
LF:14
LH:14
BRDA:3,1,0,1
BRDA:3,1,1,2
BRF:2
BRH:2
end_of_record
TN:
SF:/Users/buchana0/Desktop/Practice/coverage/lib/pair.js
FN:35,findPairForSum
FNF:1
FNH:1
FNDA:5,findPairForSum
DA:1,1
DA:35,1
DA:36,5
DA:37,5
DA:38,5
DA:39,5
DA:40,25
DA:41,25
DA:42,5
DA:43,5
DA:44,5
DA:47,1
LF:12
LH:12
BRF:0
BRH:0
end_of_record
TN:
SF:/Users/buchana0/Desktop/Practice/coverage/lib/currying.js
FN:1,createHelloMessage
FNF:1
FNH:1
FNDA:1,createHelloMessage
DA:1,1
DA:2,1
DA:3,1
DA:7,1
LF:4
LH:4
BRF:0
BRH:0
end_of_record
TN:
SF:/Users/buchana0/Desktop/Practice/coverage/lib/ramda.js
FN:3,stringEqualsAnthony
FN:7,sumOddsFrom11
FNF:2
FNH:2
FNDA:2,stringEqualsAnthony
FNDA:1,sumOddsFrom11
DA:1,1
DA:3,1
DA:4,2
DA:7,1
DA:8,21
DA:9,1
DA:12,1
LF:7
LH:7
BRF:0
BRH:0
end_of_record
